03-19 17:52:30 com_github_MitjaNemec_ReplicateLayout.action_replicate_layout 409:Plugin executed on: 'win32'
03-19 17:52:30 com_github_MitjaNemec_ReplicateLayout.action_replicate_layout 410:Plugin executed with python version: '3.11.5 (main, Jun 15 2025, 06:45:45) [MSC v.1942 64 bit (AMD64)]'
03-19 17:52:30 com_github_MitjaNemec_ReplicateLayout.action_replicate_layout 411:KiCad build version: 9.0.3
03-19 17:52:30 com_github_MitjaNemec_ReplicateLayout.action_replicate_layout 412:Plugin version: 4.0.3
03-19 17:52:30 com_github_MitjaNemec_ReplicateLayout.action_replicate_layout 413:Frame repr: <wx._core.Frame object at 0x000002F7C1CA9990>
03-19 17:52:30 com_github_MitjaNemec_ReplicateLayout.action_replicate_layout 437:Preparing replicator with Q1 as a reference
03-19 17:52:30 com_github_MitjaNemec_ReplicateLayout.replicate_layout 117:getting a list of all footprints on board
03-19 17:52:30 com_github_MitjaNemec_ReplicateLayout.action_replicate_layout 485:source anchor footprint is 'Q1'
Located on: ['/Channel/']
With filenames: ['Channel.kicad_sch']
With sheet_id:['/Channel/']
03-19 17:52:30 com_github_MitjaNemec_ReplicateLayout.action_replicate_layout 492:Corresponding footprints are 
[('Q11', ['/Channel5/']), ('Q9', ['/Channel4/']), ('Q7', ['/Channel3/']), ('Q5', ['/Channel2/']), ('Q2', ['/Channel1/']), ('Q1', ['/Channel/'])]
03-19 17:52:30 com_github_MitjaNemec_ReplicateLayout.action_replicate_layout 504:Showing dialog
03-19 17:52:30 com_github_MitjaNemec_ReplicateLayout.replicate_layout 472:constructing a list of sheets suitable for replication on level:'/Channel/', file:'Channel.kicad_sch'
03-19 17:52:30 com_github_MitjaNemec_ReplicateLayout.replicate_layout 509:suitable sheets are:[['/Channel1/'], ['/Channel2/'], ['/Channel3/'], ['/Channel4/'], ['/Channel5/']]
03-19 17:52:30 com_github_MitjaNemec_ReplicateLayout.replicate_layout 1512:Level selected: ['/Channel/']
03-19 17:52:30 com_github_MitjaNemec_ReplicateLayout.replicate_layout 1336:Filtering list of tracks
03-19 17:52:30 com_github_MitjaNemec_ReplicateLayout.action_replicate_layout 510:Toolbar position: wx.Point(1662, 111)
03-19 17:52:30 com_github_MitjaNemec_ReplicateLayout.action_replicate_layout 515:Dialog position: wx.Point(1223, 111)
03-19 17:52:40 com_github_MitjaNemec_ReplicateLayout.replicate_layout 472:constructing a list of sheets suitable for replication on level:'/Channel/', file:'Channel.kicad_sch'
03-19 17:52:40 com_github_MitjaNemec_ReplicateLayout.replicate_layout 509:suitable sheets are:[['/Channel1/'], ['/Channel2/'], ['/Channel3/'], ['/Channel4/'], ['/Channel5/']]
03-19 17:52:40 com_github_MitjaNemec_ReplicateLayout.action_replicate_layout 248:Replicating layout
03-19 17:52:40 com_github_MitjaNemec_ReplicateLayout.replicate_layout 288:Starting replication of sheets: [['/Channel1/'], ['/Channel2/'], ['/Channel3/'], ['/Channel4/'], ['/Channel5/']]
on level: ['/Channel/']
with tracks=True, zone=True, text=True, text=True, intersecting=False, remove=False, locked footprints=False, group_only=False
03-19 17:52:40 root 340:updating GUI message: 'Preparing for replication'
03-19 17:52:40 root 345:updating GUI with: 0
03-19 17:52:40 com_github_MitjaNemec_ReplicateLayout.replicate_layout 358:Getting the list of source footprints
03-19 17:52:40 com_github_MitjaNemec_ReplicateLayout.replicate_layout 368:Getting the list of all the remaining footprints
03-19 17:52:40 com_github_MitjaNemec_ReplicateLayout.replicate_layout 375:Getting source tracks
03-19 17:52:40 com_github_MitjaNemec_ReplicateLayout.replicate_layout 1336:Filtering list of tracks
03-19 17:52:40 com_github_MitjaNemec_ReplicateLayout.replicate_layout 379:Getting source zones
03-19 17:52:40 com_github_MitjaNemec_ReplicateLayout.replicate_layout 383:Getting source text items
03-19 17:52:40 com_github_MitjaNemec_ReplicateLayout.replicate_layout 387:Getting source drawing items
03-19 17:52:40 root 340:updating GUI message: 'Replicating footprints'
03-19 17:52:40 com_github_MitjaNemec_ReplicateLayout.replicate_layout 863:Replicating footprints
03-19 17:52:40 root 345:updating GUI with: 0
03-19 17:52:40 com_github_MitjaNemec_ReplicateLayout.replicate_layout 870:Replicating footprints on sheet ['/Channel1/']
03-19 17:52:40 com_github_MitjaNemec_ReplicateLayout.replicate_layout 835:Src fp.id: 'B9960C37-7FFA-4DE1-B5B6-C5AE59612CB7'
03-19 17:52:40 com_github_MitjaNemec_ReplicateLayout.replicate_layout 839:Dst fp.id: 'B9960C37-7FFA-4DE1-B5B6-C5AE59612CB7'
03-19 17:52:40 com_github_MitjaNemec_ReplicateLayout.replicate_layout 888:Replicating footprint: 'R10'
03-19 17:52:40 com_github_MitjaNemec_ReplicateLayout.replicate_layout 835:Src fp.id: '05499498-8C64-4920-AC3D-96FCE4C9BAD7'
03-19 17:52:40 com_github_MitjaNemec_ReplicateLayout.replicate_layout 839:Dst fp.id: '05499498-8C64-4920-AC3D-96FCE4C9BAD7'
03-19 17:52:40 com_github_MitjaNemec_ReplicateLayout.replicate_layout 895:found match in dst footprint: 'R9'
03-19 17:52:40 com_github_MitjaNemec_ReplicateLayout.replicate_layout 990:Src text UUid:c286c575-1c5c-46d7-a6b6-6d36c58b13b4
03-19 17:52:40 com_github_MitjaNemec_ReplicateLayout.replicate_layout 991:Dst text UUid:29ef5365-8783-4477-98d4-dba205b0f9f5
03-19 17:52:40 com_github_MitjaNemec_ReplicateLayout.replicate_layout 990:Src text UUid:10e4d0cb-c394-4218-a9e9-0202cd708303
03-19 17:52:40 com_github_MitjaNemec_ReplicateLayout.replicate_layout 991:Dst text UUid:44e62f7e-3cef-4a4c-babe-daab12d7c455
03-19 17:52:40 com_github_MitjaNemec_ReplicateLayout.replicate_layout 990:Src text UUid:485dce0d-3729-406b-8a26-4eea9501480c
03-19 17:52:40 com_github_MitjaNemec_ReplicateLayout.replicate_layout 991:Dst text UUid:13906e12-44dd-4359-abd0-323e4abdc624
03-19 17:52:40 com_github_MitjaNemec_ReplicateLayout.replicate_layout 888:Replicating footprint: 'R1'
03-19 17:52:40 com_github_MitjaNemec_ReplicateLayout.replicate_layout 835:Src fp.id: '9F051BA5-E0D0-49DF-8C6A-7B654B405B1F'
03-19 17:52:40 com_github_MitjaNemec_ReplicateLayout.replicate_layout 839:Dst fp.id: '9F051BA5-E0D0-49DF-8C6A-7B654B405B1F'
03-19 17:52:40 com_github_MitjaNemec_ReplicateLayout.replicate_layout 895:found match in dst footprint: 'R2'
03-19 17:52:40 com_github_MitjaNemec_ReplicateLayout.replicate_layout 990:Src text UUid:70f4b5a4-340b-4045-9a83-8cb0c1ab6152
03-19 17:52:40 com_github_MitjaNemec_ReplicateLayout.replicate_layout 991:Dst text UUid:704e65d2-2b4c-4cc5-89d4-5486c47617f5
03-19 17:52:40 com_github_MitjaNemec_ReplicateLayout.replicate_layout 990:Src text UUid:0d6e467e-ef0a-4010-b08e-ca1a87cdf68a
03-19 17:52:40 com_github_MitjaNemec_ReplicateLayout.replicate_layout 991:Dst text UUid:9f8819f6-3a24-4616-9727-b17bf60912de
03-19 17:52:40 com_github_MitjaNemec_ReplicateLayout.replicate_layout 990:Src text UUid:8215226d-4638-49f1-a7ba-27c0d689b378
03-19 17:52:40 com_github_MitjaNemec_ReplicateLayout.replicate_layout 991:Dst text UUid:c1dc4c9d-1193-4d0c-ac59-7b4aca240d66
03-19 17:52:40 com_github_MitjaNemec_ReplicateLayout.replicate_layout 888:Replicating footprint: 'Q3'
03-19 17:52:40 com_github_MitjaNemec_ReplicateLayout.replicate_layout 835:Src fp.id: 'CF6D5AE4-EA60-4731-BB43-FB41A8A9F83D'
03-19 17:52:40 com_github_MitjaNemec_ReplicateLayout.replicate_layout 839:Dst fp.id: 'CF6D5AE4-EA60-4731-BB43-FB41A8A9F83D'
03-19 17:52:40 com_github_MitjaNemec_ReplicateLayout.replicate_layout 895:found match in dst footprint: 'Q4'
03-19 17:52:40 com_github_MitjaNemec_ReplicateLayout.replicate_layout 990:Src text UUid:e7bb826f-04ce-4a17-8ca6-339d9ddc7fbc
03-19 17:52:40 com_github_MitjaNemec_ReplicateLayout.replicate_layout 991:Dst text UUid:8fb1fd41-5cf3-4cb6-82da-1d0bb929c183
03-19 17:52:40 com_github_MitjaNemec_ReplicateLayout.replicate_layout 990:Src text UUid:fa1ad661-a7b9-4dfd-b917-b871bd9145ed
03-19 17:52:40 com_github_MitjaNemec_ReplicateLayout.replicate_layout 991:Dst text UUid:510ef101-569e-45a7-9ca1-7627a4094781
03-19 17:52:40 com_github_MitjaNemec_ReplicateLayout.replicate_layout 990:Src text UUid:928d8d29-0578-4980-a262-0fddc8c5f169
03-19 17:52:40 com_github_MitjaNemec_ReplicateLayout.replicate_layout 991:Dst text UUid:9d8c715c-57bf-47ef-ad95-e3dbcb8c349f
03-19 17:52:40 com_github_MitjaNemec_ReplicateLayout.replicate_layout 888:Replicating footprint: 'R8'
03-19 17:52:40 com_github_MitjaNemec_ReplicateLayout.replicate_layout 835:Src fp.id: 'F1651D1E-EB61-4EB1-9D1E-569FC4C4DD93'
03-19 17:52:40 com_github_MitjaNemec_ReplicateLayout.replicate_layout 839:Dst fp.id: 'F1651D1E-EB61-4EB1-9D1E-569FC4C4DD93'
03-19 17:52:40 com_github_MitjaNemec_ReplicateLayout.replicate_layout 895:found match in dst footprint: 'R11'
03-19 17:52:40 com_github_MitjaNemec_ReplicateLayout.replicate_layout 990:Src text UUid:353d17eb-a694-4e51-b033-b4feebe59e34
03-19 17:52:40 com_github_MitjaNemec_ReplicateLayout.replicate_layout 991:Dst text UUid:0d679b9a-dee0-4c6a-93e7-9be56cad2098
03-19 17:52:40 com_github_MitjaNemec_ReplicateLayout.replicate_layout 990:Src text UUid:0c0fad6f-ba10-4a7d-93ae-63349cd54385
03-19 17:52:40 com_github_MitjaNemec_ReplicateLayout.replicate_layout 991:Dst text UUid:54d3954b-fa15-4186-a510-a6e230a8acac
03-19 17:52:40 com_github_MitjaNemec_ReplicateLayout.replicate_layout 990:Src text UUid:3b6b04b4-d94f-4c3b-97d4-5b4b4c85fdb3
03-19 17:52:40 com_github_MitjaNemec_ReplicateLayout.replicate_layout 991:Dst text UUid:e3cd0473-e446-400a-990c-21fb31da162f
03-19 17:52:40 com_github_MitjaNemec_ReplicateLayout.replicate_layout 888:Replicating footprint: 'Q1'
03-19 17:52:40 com_github_MitjaNemec_ReplicateLayout.replicate_layout 835:Src fp.id: 'B9960C37-7FFA-4DE1-B5B6-C5AE59612CB7'
03-19 17:52:40 com_github_MitjaNemec_ReplicateLayout.replicate_layout 839:Dst fp.id: 'B9960C37-7FFA-4DE1-B5B6-C5AE59612CB7'
03-19 17:52:40 com_github_MitjaNemec_ReplicateLayout.replicate_layout 895:found match in dst footprint: 'Q2'
03-19 17:52:40 com_github_MitjaNemec_ReplicateLayout.replicate_layout 990:Src text UUid:ae351fbf-1409-47ad-a287-3bc2a5160471
03-19 17:52:40 com_github_MitjaNemec_ReplicateLayout.replicate_layout 991:Dst text UUid:4ef305ff-83c9-4761-9000-e08e1276e8a1
03-19 17:52:40 com_github_MitjaNemec_ReplicateLayout.replicate_layout 990:Src text UUid:5807dc93-12e1-4b10-a240-e2e984f4a257
03-19 17:52:40 com_github_MitjaNemec_ReplicateLayout.replicate_layout 991:Dst text UUid:4177912c-b5a7-481e-bdbf-563fbebb2d2e
03-19 17:52:40 com_github_MitjaNemec_ReplicateLayout.replicate_layout 990:Src text UUid:ca5b73c2-96d5-4228-9e87-f23aa7ffd8bd
03-19 17:52:40 com_github_MitjaNemec_ReplicateLayout.replicate_layout 991:Dst text UUid:5e968f53-3993-4f7c-b981-be725f42e5d5
03-19 17:52:40 com_github_MitjaNemec_ReplicateLayout.replicate_layout 870:Replicating footprints on sheet ['/Channel2/']
03-19 17:52:40 com_github_MitjaNemec_ReplicateLayout.replicate_layout 835:Src fp.id: 'B9960C37-7FFA-4DE1-B5B6-C5AE59612CB7'
03-19 17:52:40 com_github_MitjaNemec_ReplicateLayout.replicate_layout 839:Dst fp.id: 'B9960C37-7FFA-4DE1-B5B6-C5AE59612CB7'
03-19 17:52:40 com_github_MitjaNemec_ReplicateLayout.replicate_layout 888:Replicating footprint: 'R10'
03-19 17:52:40 com_github_MitjaNemec_ReplicateLayout.replicate_layout 835:Src fp.id: '05499498-8C64-4920-AC3D-96FCE4C9BAD7'
03-19 17:52:40 com_github_MitjaNemec_ReplicateLayout.replicate_layout 839:Dst fp.id: '05499498-8C64-4920-AC3D-96FCE4C9BAD7'
03-19 17:52:40 com_github_MitjaNemec_ReplicateLayout.replicate_layout 895:found match in dst footprint: 'R13'
03-19 17:52:40 com_github_MitjaNemec_ReplicateLayout.replicate_layout 990:Src text UUid:c286c575-1c5c-46d7-a6b6-6d36c58b13b4
03-19 17:52:40 com_github_MitjaNemec_ReplicateLayout.replicate_layout 991:Dst text UUid:896dd94b-ad7e-49a7-a2cc-9b25f2443d0f
03-19 17:52:40 com_github_MitjaNemec_ReplicateLayout.replicate_layout 990:Src text UUid:10e4d0cb-c394-4218-a9e9-0202cd708303
03-19 17:52:40 com_github_MitjaNemec_ReplicateLayout.replicate_layout 991:Dst text UUid:16bf0b7e-62c8-4160-b5ed-b527ba09b765
03-19 17:52:40 com_github_MitjaNemec_ReplicateLayout.replicate_layout 990:Src text UUid:485dce0d-3729-406b-8a26-4eea9501480c
03-19 17:52:40 com_github_MitjaNemec_ReplicateLayout.replicate_layout 991:Dst text UUid:cce9240c-6a46-4f3e-af8f-79c1193bc6b5
03-19 17:52:40 com_github_MitjaNemec_ReplicateLayout.replicate_layout 888:Replicating footprint: 'R1'
03-19 17:52:40 com_github_MitjaNemec_ReplicateLayout.replicate_layout 835:Src fp.id: '9F051BA5-E0D0-49DF-8C6A-7B654B405B1F'
03-19 17:52:40 com_github_MitjaNemec_ReplicateLayout.replicate_layout 839:Dst fp.id: '9F051BA5-E0D0-49DF-8C6A-7B654B405B1F'
03-19 17:52:40 com_github_MitjaNemec_ReplicateLayout.replicate_layout 895:found match in dst footprint: 'R12'
03-19 17:52:40 com_github_MitjaNemec_ReplicateLayout.replicate_layout 990:Src text UUid:70f4b5a4-340b-4045-9a83-8cb0c1ab6152
03-19 17:52:40 com_github_MitjaNemec_ReplicateLayout.replicate_layout 991:Dst text UUid:34aaa637-98b2-4b36-86fe-0a9cf57969e6
03-19 17:52:40 com_github_MitjaNemec_ReplicateLayout.replicate_layout 990:Src text UUid:0d6e467e-ef0a-4010-b08e-ca1a87cdf68a
03-19 17:52:40 com_github_MitjaNemec_ReplicateLayout.replicate_layout 991:Dst text UUid:55f45b95-a0a6-47da-906e-940fa10c4422
03-19 17:52:40 com_github_MitjaNemec_ReplicateLayout.replicate_layout 990:Src text UUid:8215226d-4638-49f1-a7ba-27c0d689b378
03-19 17:52:40 com_github_MitjaNemec_ReplicateLayout.replicate_layout 991:Dst text UUid:722f2b0d-4b83-4f0d-afdc-192d16db7724
03-19 17:52:40 com_github_MitjaNemec_ReplicateLayout.replicate_layout 888:Replicating footprint: 'Q3'
03-19 17:52:40 com_github_MitjaNemec_ReplicateLayout.replicate_layout 835:Src fp.id: 'CF6D5AE4-EA60-4731-BB43-FB41A8A9F83D'
03-19 17:52:40 com_github_MitjaNemec_ReplicateLayout.replicate_layout 839:Dst fp.id: 'CF6D5AE4-EA60-4731-BB43-FB41A8A9F83D'
03-19 17:52:40 com_github_MitjaNemec_ReplicateLayout.replicate_layout 895:found match in dst footprint: 'Q6'
03-19 17:52:40 com_github_MitjaNemec_ReplicateLayout.replicate_layout 990:Src text UUid:e7bb826f-04ce-4a17-8ca6-339d9ddc7fbc
03-19 17:52:40 com_github_MitjaNemec_ReplicateLayout.replicate_layout 991:Dst text UUid:03222a81-40cc-4a7e-85de-e80ce0a204d5
03-19 17:52:40 com_github_MitjaNemec_ReplicateLayout.replicate_layout 990:Src text UUid:fa1ad661-a7b9-4dfd-b917-b871bd9145ed
03-19 17:52:40 com_github_MitjaNemec_ReplicateLayout.replicate_layout 991:Dst text UUid:3fdf41a1-7a21-479c-9e4a-f119f759817a
03-19 17:52:40 com_github_MitjaNemec_ReplicateLayout.replicate_layout 990:Src text UUid:928d8d29-0578-4980-a262-0fddc8c5f169
03-19 17:52:40 com_github_MitjaNemec_ReplicateLayout.replicate_layout 991:Dst text UUid:b61b8efb-8743-48bd-bb88-69ae3f632cfb
03-19 17:52:40 com_github_MitjaNemec_ReplicateLayout.replicate_layout 888:Replicating footprint: 'R8'
03-19 17:52:40 com_github_MitjaNemec_ReplicateLayout.replicate_layout 835:Src fp.id: 'F1651D1E-EB61-4EB1-9D1E-569FC4C4DD93'
03-19 17:52:40 com_github_MitjaNemec_ReplicateLayout.replicate_layout 839:Dst fp.id: 'F1651D1E-EB61-4EB1-9D1E-569FC4C4DD93'
03-19 17:52:40 com_github_MitjaNemec_ReplicateLayout.replicate_layout 895:found match in dst footprint: 'R14'
03-19 17:52:40 com_github_MitjaNemec_ReplicateLayout.replicate_layout 990:Src text UUid:353d17eb-a694-4e51-b033-b4feebe59e34
03-19 17:52:40 com_github_MitjaNemec_ReplicateLayout.replicate_layout 991:Dst text UUid:adcf35f5-353f-401a-8ec2-fd3723daa325
03-19 17:52:40 com_github_MitjaNemec_ReplicateLayout.replicate_layout 990:Src text UUid:0c0fad6f-ba10-4a7d-93ae-63349cd54385
03-19 17:52:40 com_github_MitjaNemec_ReplicateLayout.replicate_layout 991:Dst text UUid:528d8534-058d-4600-852e-5b75d1e3a173
03-19 17:52:40 com_github_MitjaNemec_ReplicateLayout.replicate_layout 990:Src text UUid:3b6b04b4-d94f-4c3b-97d4-5b4b4c85fdb3
03-19 17:52:40 com_github_MitjaNemec_ReplicateLayout.replicate_layout 991:Dst text UUid:9245955f-1dd4-4446-9a1a-833b3297e0f0
03-19 17:52:40 com_github_MitjaNemec_ReplicateLayout.replicate_layout 888:Replicating footprint: 'Q1'
03-19 17:52:40 root 345:updating GUI with: 40
03-19 17:52:40 com_github_MitjaNemec_ReplicateLayout.replicate_layout 835:Src fp.id: 'B9960C37-7FFA-4DE1-B5B6-C5AE59612CB7'
03-19 17:52:40 com_github_MitjaNemec_ReplicateLayout.replicate_layout 839:Dst fp.id: 'B9960C37-7FFA-4DE1-B5B6-C5AE59612CB7'
03-19 17:52:40 com_github_MitjaNemec_ReplicateLayout.replicate_layout 895:found match in dst footprint: 'Q5'
03-19 17:52:40 com_github_MitjaNemec_ReplicateLayout.replicate_layout 990:Src text UUid:ae351fbf-1409-47ad-a287-3bc2a5160471
03-19 17:52:40 com_github_MitjaNemec_ReplicateLayout.replicate_layout 991:Dst text UUid:89649256-74b1-49c0-87f8-d2f65c714c80
03-19 17:52:40 com_github_MitjaNemec_ReplicateLayout.replicate_layout 990:Src text UUid:5807dc93-12e1-4b10-a240-e2e984f4a257
03-19 17:52:40 com_github_MitjaNemec_ReplicateLayout.replicate_layout 991:Dst text UUid:71ea5b22-1ada-4ef8-b71a-92d28976f613
03-19 17:52:40 com_github_MitjaNemec_ReplicateLayout.replicate_layout 990:Src text UUid:ca5b73c2-96d5-4228-9e87-f23aa7ffd8bd
03-19 17:52:40 com_github_MitjaNemec_ReplicateLayout.replicate_layout 991:Dst text UUid:52d00b73-a1d8-4384-8b2a-f23764a92c38
03-19 17:52:40 com_github_MitjaNemec_ReplicateLayout.replicate_layout 870:Replicating footprints on sheet ['/Channel3/']
03-19 17:52:40 com_github_MitjaNemec_ReplicateLayout.replicate_layout 835:Src fp.id: 'B9960C37-7FFA-4DE1-B5B6-C5AE59612CB7'
03-19 17:52:40 com_github_MitjaNemec_ReplicateLayout.replicate_layout 839:Dst fp.id: 'B9960C37-7FFA-4DE1-B5B6-C5AE59612CB7'
03-19 17:52:40 com_github_MitjaNemec_ReplicateLayout.replicate_layout 888:Replicating footprint: 'R10'
03-19 17:52:40 com_github_MitjaNemec_ReplicateLayout.replicate_layout 835:Src fp.id: '05499498-8C64-4920-AC3D-96FCE4C9BAD7'
03-19 17:52:40 com_github_MitjaNemec_ReplicateLayout.replicate_layout 839:Dst fp.id: '05499498-8C64-4920-AC3D-96FCE4C9BAD7'
03-19 17:52:40 com_github_MitjaNemec_ReplicateLayout.replicate_layout 895:found match in dst footprint: 'R16'
03-19 17:52:40 com_github_MitjaNemec_ReplicateLayout.replicate_layout 990:Src text UUid:c286c575-1c5c-46d7-a6b6-6d36c58b13b4
03-19 17:52:40 com_github_MitjaNemec_ReplicateLayout.replicate_layout 991:Dst text UUid:197e1e10-14c8-47a7-9b82-7af95eaa745c
03-19 17:52:40 com_github_MitjaNemec_ReplicateLayout.replicate_layout 990:Src text UUid:10e4d0cb-c394-4218-a9e9-0202cd708303
03-19 17:52:40 com_github_MitjaNemec_ReplicateLayout.replicate_layout 991:Dst text UUid:505e4c0d-584c-46fe-a14d-d609bd39a8a3
03-19 17:52:40 com_github_MitjaNemec_ReplicateLayout.replicate_layout 990:Src text UUid:485dce0d-3729-406b-8a26-4eea9501480c
03-19 17:52:40 com_github_MitjaNemec_ReplicateLayout.replicate_layout 991:Dst text UUid:5aa8b24c-19c1-4017-8ff1-188085de116e
03-19 17:52:40 com_github_MitjaNemec_ReplicateLayout.replicate_layout 888:Replicating footprint: 'R1'
03-19 17:52:40 com_github_MitjaNemec_ReplicateLayout.replicate_layout 835:Src fp.id: '9F051BA5-E0D0-49DF-8C6A-7B654B405B1F'
03-19 17:52:40 com_github_MitjaNemec_ReplicateLayout.replicate_layout 839:Dst fp.id: '9F051BA5-E0D0-49DF-8C6A-7B654B405B1F'
03-19 17:52:40 com_github_MitjaNemec_ReplicateLayout.replicate_layout 895:found match in dst footprint: 'R15'
03-19 17:52:40 com_github_MitjaNemec_ReplicateLayout.replicate_layout 990:Src text UUid:70f4b5a4-340b-4045-9a83-8cb0c1ab6152
03-19 17:52:40 com_github_MitjaNemec_ReplicateLayout.replicate_layout 991:Dst text UUid:961ad64d-3864-4a41-92c3-bf446bc43f5d
03-19 17:52:40 com_github_MitjaNemec_ReplicateLayout.replicate_layout 990:Src text UUid:0d6e467e-ef0a-4010-b08e-ca1a87cdf68a
03-19 17:52:40 com_github_MitjaNemec_ReplicateLayout.replicate_layout 991:Dst text UUid:1176e9e1-f6e0-4600-b18b-b58e489f7e05
03-19 17:52:40 com_github_MitjaNemec_ReplicateLayout.replicate_layout 990:Src text UUid:8215226d-4638-49f1-a7ba-27c0d689b378
03-19 17:52:40 com_github_MitjaNemec_ReplicateLayout.replicate_layout 991:Dst text UUid:a7293ce4-96e3-4886-851a-adcaa08fb5ff
03-19 17:52:40 com_github_MitjaNemec_ReplicateLayout.replicate_layout 888:Replicating footprint: 'Q3'
03-19 17:52:40 com_github_MitjaNemec_ReplicateLayout.replicate_layout 835:Src fp.id: 'CF6D5AE4-EA60-4731-BB43-FB41A8A9F83D'
03-19 17:52:40 com_github_MitjaNemec_ReplicateLayout.replicate_layout 839:Dst fp.id: 'CF6D5AE4-EA60-4731-BB43-FB41A8A9F83D'
03-19 17:52:40 com_github_MitjaNemec_ReplicateLayout.replicate_layout 895:found match in dst footprint: 'Q8'
03-19 17:52:40 com_github_MitjaNemec_ReplicateLayout.replicate_layout 990:Src text UUid:e7bb826f-04ce-4a17-8ca6-339d9ddc7fbc
03-19 17:52:40 com_github_MitjaNemec_ReplicateLayout.replicate_layout 991:Dst text UUid:68a94547-6b27-40b9-a480-0e6b70cc010f
03-19 17:52:40 com_github_MitjaNemec_ReplicateLayout.replicate_layout 990:Src text UUid:fa1ad661-a7b9-4dfd-b917-b871bd9145ed
03-19 17:52:40 com_github_MitjaNemec_ReplicateLayout.replicate_layout 991:Dst text UUid:012ca84e-8c05-40d4-b545-2f0da62a926b
03-19 17:52:40 com_github_MitjaNemec_ReplicateLayout.replicate_layout 990:Src text UUid:928d8d29-0578-4980-a262-0fddc8c5f169
03-19 17:52:40 com_github_MitjaNemec_ReplicateLayout.replicate_layout 991:Dst text UUid:943bc6f2-0f90-44f9-b665-f83d1525897f
03-19 17:52:40 com_github_MitjaNemec_ReplicateLayout.replicate_layout 888:Replicating footprint: 'R8'
03-19 17:52:40 com_github_MitjaNemec_ReplicateLayout.replicate_layout 835:Src fp.id: 'F1651D1E-EB61-4EB1-9D1E-569FC4C4DD93'
03-19 17:52:40 com_github_MitjaNemec_ReplicateLayout.replicate_layout 839:Dst fp.id: 'F1651D1E-EB61-4EB1-9D1E-569FC4C4DD93'
03-19 17:52:40 com_github_MitjaNemec_ReplicateLayout.replicate_layout 895:found match in dst footprint: 'R17'
03-19 17:52:40 com_github_MitjaNemec_ReplicateLayout.replicate_layout 990:Src text UUid:353d17eb-a694-4e51-b033-b4feebe59e34
03-19 17:52:40 com_github_MitjaNemec_ReplicateLayout.replicate_layout 991:Dst text UUid:cf3f7953-bec9-46d6-850c-5e8fc129ecf6
03-19 17:52:40 com_github_MitjaNemec_ReplicateLayout.replicate_layout 990:Src text UUid:0c0fad6f-ba10-4a7d-93ae-63349cd54385
03-19 17:52:40 com_github_MitjaNemec_ReplicateLayout.replicate_layout 991:Dst text UUid:110ae10e-acfe-4473-83d0-38e8e501c69f
03-19 17:52:40 com_github_MitjaNemec_ReplicateLayout.replicate_layout 990:Src text UUid:3b6b04b4-d94f-4c3b-97d4-5b4b4c85fdb3
03-19 17:52:40 com_github_MitjaNemec_ReplicateLayout.replicate_layout 991:Dst text UUid:a0ce7ec0-ba83-42df-8deb-28b8d9396b88
03-19 17:52:40 com_github_MitjaNemec_ReplicateLayout.replicate_layout 888:Replicating footprint: 'Q1'
03-19 17:52:40 com_github_MitjaNemec_ReplicateLayout.replicate_layout 835:Src fp.id: 'B9960C37-7FFA-4DE1-B5B6-C5AE59612CB7'
03-19 17:52:40 com_github_MitjaNemec_ReplicateLayout.replicate_layout 839:Dst fp.id: 'B9960C37-7FFA-4DE1-B5B6-C5AE59612CB7'
03-19 17:52:40 com_github_MitjaNemec_ReplicateLayout.replicate_layout 895:found match in dst footprint: 'Q7'
03-19 17:52:40 com_github_MitjaNemec_ReplicateLayout.replicate_layout 990:Src text UUid:ae351fbf-1409-47ad-a287-3bc2a5160471
03-19 17:52:40 com_github_MitjaNemec_ReplicateLayout.replicate_layout 991:Dst text UUid:d3afdd8d-4c60-461f-b4f1-f037fafc523c
03-19 17:52:40 com_github_MitjaNemec_ReplicateLayout.replicate_layout 990:Src text UUid:5807dc93-12e1-4b10-a240-e2e984f4a257
03-19 17:52:40 com_github_MitjaNemec_ReplicateLayout.replicate_layout 991:Dst text UUid:32989737-6f98-4191-9a91-0e46eee515cc
03-19 17:52:40 com_github_MitjaNemec_ReplicateLayout.replicate_layout 990:Src text UUid:ca5b73c2-96d5-4228-9e87-f23aa7ffd8bd
03-19 17:52:40 com_github_MitjaNemec_ReplicateLayout.replicate_layout 991:Dst text UUid:d923a5e6-d984-4e2b-a240-be9a6513e049
03-19 17:52:40 com_github_MitjaNemec_ReplicateLayout.replicate_layout 870:Replicating footprints on sheet ['/Channel4/']
03-19 17:52:40 com_github_MitjaNemec_ReplicateLayout.replicate_layout 835:Src fp.id: 'B9960C37-7FFA-4DE1-B5B6-C5AE59612CB7'
03-19 17:52:40 com_github_MitjaNemec_ReplicateLayout.replicate_layout 839:Dst fp.id: 'B9960C37-7FFA-4DE1-B5B6-C5AE59612CB7'
03-19 17:52:40 com_github_MitjaNemec_ReplicateLayout.replicate_layout 888:Replicating footprint: 'R10'
03-19 17:52:40 com_github_MitjaNemec_ReplicateLayout.replicate_layout 835:Src fp.id: '05499498-8C64-4920-AC3D-96FCE4C9BAD7'
03-19 17:52:40 com_github_MitjaNemec_ReplicateLayout.replicate_layout 839:Dst fp.id: '05499498-8C64-4920-AC3D-96FCE4C9BAD7'
03-19 17:52:40 com_github_MitjaNemec_ReplicateLayout.replicate_layout 895:found match in dst footprint: 'R19'
03-19 17:52:40 com_github_MitjaNemec_ReplicateLayout.replicate_layout 990:Src text UUid:c286c575-1c5c-46d7-a6b6-6d36c58b13b4
03-19 17:52:40 com_github_MitjaNemec_ReplicateLayout.replicate_layout 991:Dst text UUid:2be8950c-1d7e-4f0f-8fcf-da39dac470f6
03-19 17:52:40 com_github_MitjaNemec_ReplicateLayout.replicate_layout 990:Src text UUid:10e4d0cb-c394-4218-a9e9-0202cd708303
03-19 17:52:40 com_github_MitjaNemec_ReplicateLayout.replicate_layout 991:Dst text UUid:87e6e26d-0738-4fab-bd44-a10a25af67fc
03-19 17:52:40 com_github_MitjaNemec_ReplicateLayout.replicate_layout 990:Src text UUid:485dce0d-3729-406b-8a26-4eea9501480c
03-19 17:52:40 com_github_MitjaNemec_ReplicateLayout.replicate_layout 991:Dst text UUid:1df08360-0f3a-47d8-91c1-7fb8cb912daa
03-19 17:52:40 com_github_MitjaNemec_ReplicateLayout.replicate_layout 888:Replicating footprint: 'R1'
03-19 17:52:40 com_github_MitjaNemec_ReplicateLayout.replicate_layout 835:Src fp.id: '9F051BA5-E0D0-49DF-8C6A-7B654B405B1F'
03-19 17:52:40 com_github_MitjaNemec_ReplicateLayout.replicate_layout 839:Dst fp.id: '9F051BA5-E0D0-49DF-8C6A-7B654B405B1F'
03-19 17:52:40 com_github_MitjaNemec_ReplicateLayout.replicate_layout 895:found match in dst footprint: 'R18'
03-19 17:52:40 com_github_MitjaNemec_ReplicateLayout.replicate_layout 990:Src text UUid:70f4b5a4-340b-4045-9a83-8cb0c1ab6152
03-19 17:52:40 com_github_MitjaNemec_ReplicateLayout.replicate_layout 991:Dst text UUid:0d989659-0b69-480b-8caf-bd7fcc89467c
03-19 17:52:40 com_github_MitjaNemec_ReplicateLayout.replicate_layout 990:Src text UUid:0d6e467e-ef0a-4010-b08e-ca1a87cdf68a
03-19 17:52:40 com_github_MitjaNemec_ReplicateLayout.replicate_layout 991:Dst text UUid:2c8f7f9d-7601-4ac3-b0b9-fe15398c86fd
03-19 17:52:40 com_github_MitjaNemec_ReplicateLayout.replicate_layout 990:Src text UUid:8215226d-4638-49f1-a7ba-27c0d689b378
03-19 17:52:40 com_github_MitjaNemec_ReplicateLayout.replicate_layout 991:Dst text UUid:63a0e376-76a1-401d-a930-128bb757cba4
03-19 17:52:40 com_github_MitjaNemec_ReplicateLayout.replicate_layout 888:Replicating footprint: 'Q3'
03-19 17:52:40 com_github_MitjaNemec_ReplicateLayout.replicate_layout 835:Src fp.id: 'CF6D5AE4-EA60-4731-BB43-FB41A8A9F83D'
03-19 17:52:40 com_github_MitjaNemec_ReplicateLayout.replicate_layout 839:Dst fp.id: 'CF6D5AE4-EA60-4731-BB43-FB41A8A9F83D'
03-19 17:52:40 com_github_MitjaNemec_ReplicateLayout.replicate_layout 895:found match in dst footprint: 'Q10'
03-19 17:52:40 com_github_MitjaNemec_ReplicateLayout.replicate_layout 990:Src text UUid:e7bb826f-04ce-4a17-8ca6-339d9ddc7fbc
03-19 17:52:40 com_github_MitjaNemec_ReplicateLayout.replicate_layout 991:Dst text UUid:c40cd1a4-b55a-47e7-9a7e-06413d2d4f44
03-19 17:52:40 com_github_MitjaNemec_ReplicateLayout.replicate_layout 990:Src text UUid:fa1ad661-a7b9-4dfd-b917-b871bd9145ed
03-19 17:52:40 com_github_MitjaNemec_ReplicateLayout.replicate_layout 991:Dst text UUid:f4181fd4-f9d2-43dd-9f31-aa2dc4c001e8
03-19 17:52:40 com_github_MitjaNemec_ReplicateLayout.replicate_layout 990:Src text UUid:928d8d29-0578-4980-a262-0fddc8c5f169
03-19 17:52:40 com_github_MitjaNemec_ReplicateLayout.replicate_layout 991:Dst text UUid:b5480b0b-d118-4d7f-8389-d59be7076bb7
03-19 17:52:40 com_github_MitjaNemec_ReplicateLayout.replicate_layout 888:Replicating footprint: 'R8'
03-19 17:52:40 com_github_MitjaNemec_ReplicateLayout.replicate_layout 835:Src fp.id: 'F1651D1E-EB61-4EB1-9D1E-569FC4C4DD93'
03-19 17:52:40 com_github_MitjaNemec_ReplicateLayout.replicate_layout 839:Dst fp.id: 'F1651D1E-EB61-4EB1-9D1E-569FC4C4DD93'
03-19 17:52:40 com_github_MitjaNemec_ReplicateLayout.replicate_layout 895:found match in dst footprint: 'R20'
03-19 17:52:40 com_github_MitjaNemec_ReplicateLayout.replicate_layout 990:Src text UUid:353d17eb-a694-4e51-b033-b4feebe59e34
03-19 17:52:40 com_github_MitjaNemec_ReplicateLayout.replicate_layout 991:Dst text UUid:e4261082-35dd-42ac-8ed8-1f358f0f88f4
03-19 17:52:40 com_github_MitjaNemec_ReplicateLayout.replicate_layout 990:Src text UUid:0c0fad6f-ba10-4a7d-93ae-63349cd54385
03-19 17:52:40 com_github_MitjaNemec_ReplicateLayout.replicate_layout 991:Dst text UUid:e2fdddd9-386e-4703-92e3-b0f5d9f9a504
03-19 17:52:40 com_github_MitjaNemec_ReplicateLayout.replicate_layout 990:Src text UUid:3b6b04b4-d94f-4c3b-97d4-5b4b4c85fdb3
03-19 17:52:40 com_github_MitjaNemec_ReplicateLayout.replicate_layout 991:Dst text UUid:0ce9ca3c-f217-4303-b2d8-8a0717edae82
03-19 17:52:40 com_github_MitjaNemec_ReplicateLayout.replicate_layout 888:Replicating footprint: 'Q1'
03-19 17:52:40 com_github_MitjaNemec_ReplicateLayout.replicate_layout 835:Src fp.id: 'B9960C37-7FFA-4DE1-B5B6-C5AE59612CB7'
03-19 17:52:40 com_github_MitjaNemec_ReplicateLayout.replicate_layout 839:Dst fp.id: 'B9960C37-7FFA-4DE1-B5B6-C5AE59612CB7'
03-19 17:52:40 com_github_MitjaNemec_ReplicateLayout.replicate_layout 895:found match in dst footprint: 'Q9'
03-19 17:52:40 com_github_MitjaNemec_ReplicateLayout.replicate_layout 990:Src text UUid:ae351fbf-1409-47ad-a287-3bc2a5160471
03-19 17:52:40 com_github_MitjaNemec_ReplicateLayout.replicate_layout 991:Dst text UUid:85834b1c-a5e0-4610-bb21-ea8ca856c0b0
03-19 17:52:40 com_github_MitjaNemec_ReplicateLayout.replicate_layout 990:Src text UUid:5807dc93-12e1-4b10-a240-e2e984f4a257
03-19 17:52:40 com_github_MitjaNemec_ReplicateLayout.replicate_layout 991:Dst text UUid:5dd2c424-9fd3-45af-9c69-e5300b7a56b9
03-19 17:52:40 com_github_MitjaNemec_ReplicateLayout.replicate_layout 990:Src text UUid:ca5b73c2-96d5-4228-9e87-f23aa7ffd8bd
03-19 17:52:40 com_github_MitjaNemec_ReplicateLayout.replicate_layout 991:Dst text UUid:65b285bf-02f0-418b-9034-d622354dbada
03-19 17:52:40 com_github_MitjaNemec_ReplicateLayout.replicate_layout 870:Replicating footprints on sheet ['/Channel5/']
03-19 17:52:40 com_github_MitjaNemec_ReplicateLayout.replicate_layout 835:Src fp.id: 'B9960C37-7FFA-4DE1-B5B6-C5AE59612CB7'
03-19 17:52:40 com_github_MitjaNemec_ReplicateLayout.replicate_layout 839:Dst fp.id: 'B9960C37-7FFA-4DE1-B5B6-C5AE59612CB7'
03-19 17:52:40 com_github_MitjaNemec_ReplicateLayout.replicate_layout 888:Replicating footprint: 'R10'
03-19 17:52:40 com_github_MitjaNemec_ReplicateLayout.replicate_layout 835:Src fp.id: '05499498-8C64-4920-AC3D-96FCE4C9BAD7'
03-19 17:52:40 com_github_MitjaNemec_ReplicateLayout.replicate_layout 839:Dst fp.id: '05499498-8C64-4920-AC3D-96FCE4C9BAD7'
03-19 17:52:40 com_github_MitjaNemec_ReplicateLayout.replicate_layout 895:found match in dst footprint: 'R22'
03-19 17:52:40 com_github_MitjaNemec_ReplicateLayout.replicate_layout 990:Src text UUid:c286c575-1c5c-46d7-a6b6-6d36c58b13b4
03-19 17:52:40 com_github_MitjaNemec_ReplicateLayout.replicate_layout 991:Dst text UUid:2052adf1-7576-44b9-b3f4-7fca79af6184
03-19 17:52:40 com_github_MitjaNemec_ReplicateLayout.replicate_layout 990:Src text UUid:10e4d0cb-c394-4218-a9e9-0202cd708303
03-19 17:52:40 com_github_MitjaNemec_ReplicateLayout.replicate_layout 991:Dst text UUid:0297f754-7332-477f-8662-e5bc8a2fb388
03-19 17:52:40 com_github_MitjaNemec_ReplicateLayout.replicate_layout 990:Src text UUid:485dce0d-3729-406b-8a26-4eea9501480c
03-19 17:52:40 com_github_MitjaNemec_ReplicateLayout.replicate_layout 991:Dst text UUid:9188727f-e10a-4a4a-9147-7ea5fd6ad011
03-19 17:52:40 com_github_MitjaNemec_ReplicateLayout.replicate_layout 888:Replicating footprint: 'R1'
03-19 17:52:40 com_github_MitjaNemec_ReplicateLayout.replicate_layout 835:Src fp.id: '9F051BA5-E0D0-49DF-8C6A-7B654B405B1F'
03-19 17:52:40 com_github_MitjaNemec_ReplicateLayout.replicate_layout 839:Dst fp.id: '9F051BA5-E0D0-49DF-8C6A-7B654B405B1F'
03-19 17:52:40 com_github_MitjaNemec_ReplicateLayout.replicate_layout 895:found match in dst footprint: 'R21'
03-19 17:52:40 com_github_MitjaNemec_ReplicateLayout.replicate_layout 990:Src text UUid:70f4b5a4-340b-4045-9a83-8cb0c1ab6152
03-19 17:52:40 com_github_MitjaNemec_ReplicateLayout.replicate_layout 991:Dst text UUid:8b32ed48-f875-41a3-9be0-c70723a06b30
03-19 17:52:40 com_github_MitjaNemec_ReplicateLayout.replicate_layout 990:Src text UUid:0d6e467e-ef0a-4010-b08e-ca1a87cdf68a
03-19 17:52:40 com_github_MitjaNemec_ReplicateLayout.replicate_layout 991:Dst text UUid:030eb877-1601-4cab-95f5-a4d931b6c3ac
03-19 17:52:40 com_github_MitjaNemec_ReplicateLayout.replicate_layout 990:Src text UUid:8215226d-4638-49f1-a7ba-27c0d689b378
03-19 17:52:40 com_github_MitjaNemec_ReplicateLayout.replicate_layout 991:Dst text UUid:2ec937fa-227d-4293-9ba0-41e56e16735b
03-19 17:52:40 com_github_MitjaNemec_ReplicateLayout.replicate_layout 888:Replicating footprint: 'Q3'
03-19 17:52:40 com_github_MitjaNemec_ReplicateLayout.replicate_layout 835:Src fp.id: 'CF6D5AE4-EA60-4731-BB43-FB41A8A9F83D'
03-19 17:52:40 com_github_MitjaNemec_ReplicateLayout.replicate_layout 839:Dst fp.id: 'CF6D5AE4-EA60-4731-BB43-FB41A8A9F83D'
03-19 17:52:40 com_github_MitjaNemec_ReplicateLayout.replicate_layout 895:found match in dst footprint: 'Q12'
03-19 17:52:40 com_github_MitjaNemec_ReplicateLayout.replicate_layout 990:Src text UUid:e7bb826f-04ce-4a17-8ca6-339d9ddc7fbc
03-19 17:52:40 com_github_MitjaNemec_ReplicateLayout.replicate_layout 991:Dst text UUid:810b6cae-59be-4c09-ac96-c59db854ab4d
03-19 17:52:40 com_github_MitjaNemec_ReplicateLayout.replicate_layout 990:Src text UUid:fa1ad661-a7b9-4dfd-b917-b871bd9145ed
03-19 17:52:40 com_github_MitjaNemec_ReplicateLayout.replicate_layout 991:Dst text UUid:cd307797-537a-4caf-a636-4083fbf76404
03-19 17:52:40 com_github_MitjaNemec_ReplicateLayout.replicate_layout 990:Src text UUid:928d8d29-0578-4980-a262-0fddc8c5f169
03-19 17:52:40 com_github_MitjaNemec_ReplicateLayout.replicate_layout 991:Dst text UUid:03fad1f9-40a0-40ba-bdb7-b318e28be7c6
03-19 17:52:40 com_github_MitjaNemec_ReplicateLayout.replicate_layout 888:Replicating footprint: 'R8'
03-19 17:52:40 com_github_MitjaNemec_ReplicateLayout.replicate_layout 835:Src fp.id: 'F1651D1E-EB61-4EB1-9D1E-569FC4C4DD93'
03-19 17:52:40 com_github_MitjaNemec_ReplicateLayout.replicate_layout 839:Dst fp.id: 'F1651D1E-EB61-4EB1-9D1E-569FC4C4DD93'
03-19 17:52:40 com_github_MitjaNemec_ReplicateLayout.replicate_layout 895:found match in dst footprint: 'R23'
03-19 17:52:40 com_github_MitjaNemec_ReplicateLayout.replicate_layout 990:Src text UUid:353d17eb-a694-4e51-b033-b4feebe59e34
03-19 17:52:40 com_github_MitjaNemec_ReplicateLayout.replicate_layout 991:Dst text UUid:2e68d2bc-4a67-4a98-89f5-e8e3990d1131
03-19 17:52:40 com_github_MitjaNemec_ReplicateLayout.replicate_layout 990:Src text UUid:0c0fad6f-ba10-4a7d-93ae-63349cd54385
03-19 17:52:40 com_github_MitjaNemec_ReplicateLayout.replicate_layout 991:Dst text UUid:3628b584-8df6-43c8-8796-e94059149c11
03-19 17:52:40 com_github_MitjaNemec_ReplicateLayout.replicate_layout 990:Src text UUid:3b6b04b4-d94f-4c3b-97d4-5b4b4c85fdb3
03-19 17:52:40 com_github_MitjaNemec_ReplicateLayout.replicate_layout 991:Dst text UUid:18e2fb25-e3e0-4c36-b207-479fa36673a8
03-19 17:52:40 com_github_MitjaNemec_ReplicateLayout.replicate_layout 888:Replicating footprint: 'Q1'
03-19 17:52:40 com_github_MitjaNemec_ReplicateLayout.replicate_layout 835:Src fp.id: 'B9960C37-7FFA-4DE1-B5B6-C5AE59612CB7'
03-19 17:52:40 com_github_MitjaNemec_ReplicateLayout.replicate_layout 839:Dst fp.id: 'B9960C37-7FFA-4DE1-B5B6-C5AE59612CB7'
03-19 17:52:40 com_github_MitjaNemec_ReplicateLayout.replicate_layout 895:found match in dst footprint: 'Q11'
03-19 17:52:40 com_github_MitjaNemec_ReplicateLayout.replicate_layout 990:Src text UUid:ae351fbf-1409-47ad-a287-3bc2a5160471
03-19 17:52:40 com_github_MitjaNemec_ReplicateLayout.replicate_layout 991:Dst text UUid:a7995e95-fbe2-4981-8dda-ff42a657915c
03-19 17:52:40 com_github_MitjaNemec_ReplicateLayout.replicate_layout 990:Src text UUid:5807dc93-12e1-4b10-a240-e2e984f4a257
03-19 17:52:40 com_github_MitjaNemec_ReplicateLayout.replicate_layout 991:Dst text UUid:10794eb7-f1aa-4c67-8f38-f5f69465789f
03-19 17:52:40 com_github_MitjaNemec_ReplicateLayout.replicate_layout 990:Src text UUid:ca5b73c2-96d5-4228-9e87-f23aa7ffd8bd
03-19 17:52:40 com_github_MitjaNemec_ReplicateLayout.replicate_layout 991:Dst text UUid:9433e8b4-3791-40fe-b7c4-7801b1d4db61
03-19 17:52:40 root 340:updating GUI message: 'Replicating tracks'
03-19 17:52:40 com_github_MitjaNemec_ReplicateLayout.replicate_layout 1014:Replicating tracks
03-19 17:52:40 root 345:updating GUI with: 0
03-19 17:52:40 com_github_MitjaNemec_ReplicateLayout.replicate_layout 1020:Replicating tracks on sheet ['/Channel1/']
03-19 17:52:40 com_github_MitjaNemec_ReplicateLayout.replicate_layout 835:Src fp.id: 'B9960C37-7FFA-4DE1-B5B6-C5AE59612CB7'
03-19 17:52:40 com_github_MitjaNemec_ReplicateLayout.replicate_layout 839:Dst fp.id: 'B9960C37-7FFA-4DE1-B5B6-C5AE59612CB7'
03-19 17:52:40 com_github_MitjaNemec_ReplicateLayout.replicate_layout 792:Net pairs for sheet ['/Channel1/'] :[('+5V', '+5V'), ('', ''), ('/LED0', '/LED1'), ('Net-(Q3-B)', 'Net-(Q4-B)'), ('/CH0', '/CH1'), ('Net-(Q1-G)', 'Net-(Q2-G)'), ('GND', 'GND')]
03-19 17:52:40 com_github_MitjaNemec_ReplicateLayout.replicate_layout 1020:Replicating tracks on sheet ['/Channel2/']
03-19 17:52:40 com_github_MitjaNemec_ReplicateLayout.replicate_layout 835:Src fp.id: 'B9960C37-7FFA-4DE1-B5B6-C5AE59612CB7'
03-19 17:52:40 com_github_MitjaNemec_ReplicateLayout.replicate_layout 839:Dst fp.id: 'B9960C37-7FFA-4DE1-B5B6-C5AE59612CB7'
03-19 17:52:40 com_github_MitjaNemec_ReplicateLayout.replicate_layout 792:Net pairs for sheet ['/Channel2/'] :[('+5V', '+5V'), ('/LED0', '/LED2'), ('', ''), ('/CH0', '/CH2'), ('Net-(Q3-B)', 'Net-(Q6-B)'), ('Net-(Q1-G)', 'Net-(Q5-G)'), ('GND', 'GND')]
03-19 17:52:40 com_github_MitjaNemec_ReplicateLayout.replicate_layout 1020:Replicating tracks on sheet ['/Channel3/']
03-19 17:52:40 com_github_MitjaNemec_ReplicateLayout.replicate_layout 835:Src fp.id: 'B9960C37-7FFA-4DE1-B5B6-C5AE59612CB7'
03-19 17:52:40 com_github_MitjaNemec_ReplicateLayout.replicate_layout 839:Dst fp.id: 'B9960C37-7FFA-4DE1-B5B6-C5AE59612CB7'
03-19 17:52:40 com_github_MitjaNemec_ReplicateLayout.replicate_layout 792:Net pairs for sheet ['/Channel3/'] :[('+5V', '+5V'), ('Net-(Q1-G)', 'Net-(Q7-G)'), ('Net-(Q3-B)', 'Net-(Q8-B)'), ('', ''), ('/LED0', '/LED3'), ('/CH0', '/CH3'), ('GND', 'GND')]
03-19 17:52:40 com_github_MitjaNemec_ReplicateLayout.replicate_layout 1020:Replicating tracks on sheet ['/Channel4/']
03-19 17:52:40 com_github_MitjaNemec_ReplicateLayout.replicate_layout 835:Src fp.id: 'B9960C37-7FFA-4DE1-B5B6-C5AE59612CB7'
03-19 17:52:40 com_github_MitjaNemec_ReplicateLayout.replicate_layout 839:Dst fp.id: 'B9960C37-7FFA-4DE1-B5B6-C5AE59612CB7'
03-19 17:52:40 com_github_MitjaNemec_ReplicateLayout.replicate_layout 792:Net pairs for sheet ['/Channel4/'] :[('+5V', '+5V'), ('', ''), ('/LED0', '/LED4'), ('Net-(Q1-G)', 'Net-(Q10-C)'), ('Net-(Q3-B)', 'Net-(Q10-B)'), ('/CH0', '/CH4'), ('GND', 'GND')]
03-19 17:52:40 com_github_MitjaNemec_ReplicateLayout.replicate_layout 1020:Replicating tracks on sheet ['/Channel5/']
03-19 17:52:40 com_github_MitjaNemec_ReplicateLayout.replicate_layout 835:Src fp.id: 'B9960C37-7FFA-4DE1-B5B6-C5AE59612CB7'
03-19 17:52:40 com_github_MitjaNemec_ReplicateLayout.replicate_layout 839:Dst fp.id: 'B9960C37-7FFA-4DE1-B5B6-C5AE59612CB7'
03-19 17:52:40 com_github_MitjaNemec_ReplicateLayout.replicate_layout 792:Net pairs for sheet ['/Channel5/'] :[('+5V', '+5V'), ('/LED0', '/LED5'), ('', ''), ('Net-(Q3-B)', 'Net-(Q12-B)'), ('Net-(Q1-G)', 'Net-(Q11-G)'), ('/CH0', '/CH5'), ('GND', 'GND')]
03-19 17:52:40 root 340:updating GUI message: 'Replicating zones'
03-19 17:52:40 com_github_MitjaNemec_ReplicateLayout.replicate_layout 1084:Replicating zones
03-19 17:52:40 com_github_MitjaNemec_ReplicateLayout.replicate_layout 1091:Replicating zones on sheet ['/Channel1/']
03-19 17:52:40 com_github_MitjaNemec_ReplicateLayout.replicate_layout 835:Src fp.id: 'B9960C37-7FFA-4DE1-B5B6-C5AE59612CB7'
03-19 17:52:40 com_github_MitjaNemec_ReplicateLayout.replicate_layout 839:Dst fp.id: 'B9960C37-7FFA-4DE1-B5B6-C5AE59612CB7'
03-19 17:52:40 com_github_MitjaNemec_ReplicateLayout.replicate_layout 792:Net pairs for sheet ['/Channel1/'] :[('+5V', '+5V'), ('', ''), ('/LED0', '/LED1'), ('Net-(Q3-B)', 'Net-(Q4-B)'), ('/CH0', '/CH1'), ('Net-(Q1-G)', 'Net-(Q2-G)'), ('GND', 'GND')]
03-19 17:52:40 com_github_MitjaNemec_ReplicateLayout.replicate_layout 1091:Replicating zones on sheet ['/Channel2/']
03-19 17:52:40 com_github_MitjaNemec_ReplicateLayout.replicate_layout 835:Src fp.id: 'B9960C37-7FFA-4DE1-B5B6-C5AE59612CB7'
03-19 17:52:40 com_github_MitjaNemec_ReplicateLayout.replicate_layout 839:Dst fp.id: 'B9960C37-7FFA-4DE1-B5B6-C5AE59612CB7'
03-19 17:52:40 com_github_MitjaNemec_ReplicateLayout.replicate_layout 792:Net pairs for sheet ['/Channel2/'] :[('+5V', '+5V'), ('/LED0', '/LED2'), ('', ''), ('/CH0', '/CH2'), ('Net-(Q3-B)', 'Net-(Q6-B)'), ('Net-(Q1-G)', 'Net-(Q5-G)'), ('GND', 'GND')]
03-19 17:52:40 com_github_MitjaNemec_ReplicateLayout.replicate_layout 1091:Replicating zones on sheet ['/Channel3/']
03-19 17:52:40 com_github_MitjaNemec_ReplicateLayout.replicate_layout 835:Src fp.id: 'B9960C37-7FFA-4DE1-B5B6-C5AE59612CB7'
03-19 17:52:40 com_github_MitjaNemec_ReplicateLayout.replicate_layout 839:Dst fp.id: 'B9960C37-7FFA-4DE1-B5B6-C5AE59612CB7'
03-19 17:52:40 com_github_MitjaNemec_ReplicateLayout.replicate_layout 792:Net pairs for sheet ['/Channel3/'] :[('+5V', '+5V'), ('Net-(Q1-G)', 'Net-(Q7-G)'), ('Net-(Q3-B)', 'Net-(Q8-B)'), ('', ''), ('/LED0', '/LED3'), ('/CH0', '/CH3'), ('GND', 'GND')]
03-19 17:52:40 com_github_MitjaNemec_ReplicateLayout.replicate_layout 1091:Replicating zones on sheet ['/Channel4/']
03-19 17:52:40 com_github_MitjaNemec_ReplicateLayout.replicate_layout 835:Src fp.id: 'B9960C37-7FFA-4DE1-B5B6-C5AE59612CB7'
03-19 17:52:40 com_github_MitjaNemec_ReplicateLayout.replicate_layout 839:Dst fp.id: 'B9960C37-7FFA-4DE1-B5B6-C5AE59612CB7'
03-19 17:52:40 com_github_MitjaNemec_ReplicateLayout.replicate_layout 792:Net pairs for sheet ['/Channel4/'] :[('+5V', '+5V'), ('', ''), ('/LED0', '/LED4'), ('Net-(Q1-G)', 'Net-(Q10-C)'), ('Net-(Q3-B)', 'Net-(Q10-B)'), ('/CH0', '/CH4'), ('GND', 'GND')]
03-19 17:52:40 com_github_MitjaNemec_ReplicateLayout.replicate_layout 1091:Replicating zones on sheet ['/Channel5/']
03-19 17:52:40 com_github_MitjaNemec_ReplicateLayout.replicate_layout 835:Src fp.id: 'B9960C37-7FFA-4DE1-B5B6-C5AE59612CB7'
03-19 17:52:40 com_github_MitjaNemec_ReplicateLayout.replicate_layout 839:Dst fp.id: 'B9960C37-7FFA-4DE1-B5B6-C5AE59612CB7'
03-19 17:52:40 com_github_MitjaNemec_ReplicateLayout.replicate_layout 792:Net pairs for sheet ['/Channel5/'] :[('+5V', '+5V'), ('/LED0', '/LED5'), ('', ''), ('Net-(Q3-B)', 'Net-(Q12-B)'), ('Net-(Q1-G)', 'Net-(Q11-G)'), ('/CH0', '/CH5'), ('GND', 'GND')]
03-19 17:52:40 root 340:updating GUI message: 'Replicating text'
03-19 17:52:40 com_github_MitjaNemec_ReplicateLayout.replicate_layout 1173:Replicating text
03-19 17:52:40 com_github_MitjaNemec_ReplicateLayout.replicate_layout 1180:Replicating text on sheet ['/Channel1/']
03-19 17:52:40 com_github_MitjaNemec_ReplicateLayout.replicate_layout 835:Src fp.id: 'B9960C37-7FFA-4DE1-B5B6-C5AE59612CB7'
03-19 17:52:40 com_github_MitjaNemec_ReplicateLayout.replicate_layout 839:Dst fp.id: 'B9960C37-7FFA-4DE1-B5B6-C5AE59612CB7'
03-19 17:52:40 com_github_MitjaNemec_ReplicateLayout.replicate_layout 1180:Replicating text on sheet ['/Channel2/']
03-19 17:52:40 com_github_MitjaNemec_ReplicateLayout.replicate_layout 835:Src fp.id: 'B9960C37-7FFA-4DE1-B5B6-C5AE59612CB7'
03-19 17:52:40 com_github_MitjaNemec_ReplicateLayout.replicate_layout 839:Dst fp.id: 'B9960C37-7FFA-4DE1-B5B6-C5AE59612CB7'
03-19 17:52:40 com_github_MitjaNemec_ReplicateLayout.replicate_layout 1180:Replicating text on sheet ['/Channel3/']
03-19 17:52:40 com_github_MitjaNemec_ReplicateLayout.replicate_layout 835:Src fp.id: 'B9960C37-7FFA-4DE1-B5B6-C5AE59612CB7'
03-19 17:52:40 com_github_MitjaNemec_ReplicateLayout.replicate_layout 839:Dst fp.id: 'B9960C37-7FFA-4DE1-B5B6-C5AE59612CB7'
03-19 17:52:40 com_github_MitjaNemec_ReplicateLayout.replicate_layout 1180:Replicating text on sheet ['/Channel4/']
03-19 17:52:40 com_github_MitjaNemec_ReplicateLayout.replicate_layout 835:Src fp.id: 'B9960C37-7FFA-4DE1-B5B6-C5AE59612CB7'
03-19 17:52:40 com_github_MitjaNemec_ReplicateLayout.replicate_layout 839:Dst fp.id: 'B9960C37-7FFA-4DE1-B5B6-C5AE59612CB7'
03-19 17:52:40 com_github_MitjaNemec_ReplicateLayout.replicate_layout 1180:Replicating text on sheet ['/Channel5/']
03-19 17:52:40 com_github_MitjaNemec_ReplicateLayout.replicate_layout 835:Src fp.id: 'B9960C37-7FFA-4DE1-B5B6-C5AE59612CB7'
03-19 17:52:40 com_github_MitjaNemec_ReplicateLayout.replicate_layout 839:Dst fp.id: 'B9960C37-7FFA-4DE1-B5B6-C5AE59612CB7'
03-19 17:52:40 root 340:updating GUI message: 'Replicating drawings'
03-19 17:52:40 com_github_MitjaNemec_ReplicateLayout.replicate_layout 1224:Replicating drawings
03-19 17:52:40 com_github_MitjaNemec_ReplicateLayout.replicate_layout 1230:Replicating drawings on sheet ['/Channel1/']
03-19 17:52:40 com_github_MitjaNemec_ReplicateLayout.replicate_layout 835:Src fp.id: 'B9960C37-7FFA-4DE1-B5B6-C5AE59612CB7'
03-19 17:52:40 com_github_MitjaNemec_ReplicateLayout.replicate_layout 839:Dst fp.id: 'B9960C37-7FFA-4DE1-B5B6-C5AE59612CB7'
03-19 17:52:40 com_github_MitjaNemec_ReplicateLayout.replicate_layout 1230:Replicating drawings on sheet ['/Channel2/']
03-19 17:52:40 com_github_MitjaNemec_ReplicateLayout.replicate_layout 835:Src fp.id: 'B9960C37-7FFA-4DE1-B5B6-C5AE59612CB7'
03-19 17:52:40 com_github_MitjaNemec_ReplicateLayout.replicate_layout 839:Dst fp.id: 'B9960C37-7FFA-4DE1-B5B6-C5AE59612CB7'
03-19 17:52:40 com_github_MitjaNemec_ReplicateLayout.replicate_layout 1230:Replicating drawings on sheet ['/Channel3/']
03-19 17:52:40 com_github_MitjaNemec_ReplicateLayout.replicate_layout 835:Src fp.id: 'B9960C37-7FFA-4DE1-B5B6-C5AE59612CB7'
03-19 17:52:40 com_github_MitjaNemec_ReplicateLayout.replicate_layout 839:Dst fp.id: 'B9960C37-7FFA-4DE1-B5B6-C5AE59612CB7'
03-19 17:52:40 com_github_MitjaNemec_ReplicateLayout.replicate_layout 1230:Replicating drawings on sheet ['/Channel4/']
03-19 17:52:40 com_github_MitjaNemec_ReplicateLayout.replicate_layout 835:Src fp.id: 'B9960C37-7FFA-4DE1-B5B6-C5AE59612CB7'
03-19 17:52:40 com_github_MitjaNemec_ReplicateLayout.replicate_layout 839:Dst fp.id: 'B9960C37-7FFA-4DE1-B5B6-C5AE59612CB7'
03-19 17:52:40 com_github_MitjaNemec_ReplicateLayout.replicate_layout 1230:Replicating drawings on sheet ['/Channel5/']
03-19 17:52:40 com_github_MitjaNemec_ReplicateLayout.replicate_layout 835:Src fp.id: 'B9960C37-7FFA-4DE1-B5B6-C5AE59612CB7'
03-19 17:52:40 com_github_MitjaNemec_ReplicateLayout.replicate_layout 839:Dst fp.id: 'B9960C37-7FFA-4DE1-B5B6-C5AE59612CB7'
03-19 17:52:40 com_github_MitjaNemec_ReplicateLayout.action_replicate_layout 264:Replication complete
